<?xml version="1.0" encoding="UTF-8"?>
<databaseChangeLog
	xmlns="http://www.liquibase.org/xml/ns/dbchangelog"
	xmlns:xsi="http://www.w3.org/2001/XMLSchema-instance"
	xsi:schemaLocation="http://www.liquibase.org/xml/ns/dbchangelog
        http://www.liquibase.org/xml/ns/dbchangelog/dbchangelog-3.8.xsd">
	<changeSet author="flowinquiry"
		id="000:04-insert-default-user-data" runOnChange="true">
		<loadData
			file="config/liquibase/tenant/data/test/fw_user_test.csv"
			separator=";" tableName="fw_user" usePreparedStatements="true">
			<column name="id" type="NUMERIC" />
			<column name="first_name" type="STRING" />
			<column name="last_name" type="STRING" />
			<column name="email" type="STRING" />
			<column name="timezone" type="STRING" />
			<column name="last_login_time" type="TIMESTAMP" />
			<column name="image_url" type="STRING" />
			<column name="role" type="STRING" />
			<column name="title" type="STRING" />
			<column name="manager_id" type="NUMERIC" />
			<column name="status" type="STRING" />
			<column name="is_deleted" type="BOOLEAN" />
			<column name="lang_key" type="STRING" />
			<column name="activation_key" type="STRING" />
			<column name="reset_key" type="STRING" />
			<column name="created_by" type="NUMBER" />
			<column name="created_date" type="TIMESTAMP" />
			<column name="reset_date" type="TIMESTAMP" />
			<column name="modified_by" type="NUMBER" />
			<column name="modified_at" type="TIMESTAMP" />
			<column name="about" type="STRING" />
			<column name="address" type="STRING" />
			<column name="city" type="STRING" />
			<column name="state" type="STRING" />
		</loadData>
		<sql>SELECT setval('fw_user_id_seq', (SELECT MAX(id) FROM fw_user));</sql>
		<loadData
			file="config/liquibase/tenant/data/test/fw_user_auth_test.csv"
			separator=";" tableName="fw_user_auth" usePreparedStatements="true">
			<column name="id" type="NUMERIC" />
			<column name="user_id" type="NUMERIC" />
			<column name="auth_provider" type="STRING" />
			<column name="provider_user_id" type="STRING" />
			<column name="password_hash" type="STRING" />
		</loadData>
		<sql>SELECT setval('fw_user_auth_id_seq', (SELECT MAX(id) FROM
			fw_user_auth));</sql>
	</changeSet>


	<changeSet author="flowinquiry"
		id="000:05-insert-default-user-authority-data" runOnChange="true">
		<loadData
			file="config/liquibase/tenant/data/test/fw_user_authority_test.csv"
			separator=";" tableName="fw_user_authority"
			usePreparedStatements="true">
			<column name="user_id" type="numeric" />
		</loadData>
		<loadData
			file="config/liquibase/tenant/data/test/fw_organization_test.csv"
			tableName="fw_organization" usePreparedStatements="true"
			separator=";">
			<column name="id" type="NUMERIC" />
			<column name="name" type="STRING" />
			<column name="logo_url" type="STRING" />
			<column name="slogan" type="STRING" />
			<column name="description" type="STRING" />
		</loadData>
		<sql>SELECT setval('fw_organization_id_seq', (SELECT MAX(id) FROM
			fw_organization));</sql>
	</changeSet>

	<changeSet author="flowinquiry"
		id="000:06-insert-default-fw-team-data" runOnChange="true">
		<loadData
			file="config/liquibase/tenant/data/test/fw_team_test.csv"
			tableName="fw_team" separator=";">
			<column name="id" type="NUMERIC" />
			<column name="name" type="STRING" />
			<column name="logo_url" type="STRING" />
			<column name="slogan" type="STRING" />
			<column name="description" type="STRING" />
			<column name="organization_id" type="NUMERIC" />
		</loadData>
		<sql>SELECT setval('fw_team_id_seq', (SELECT MAX(id) FROM fw_team));</sql>
	</changeSet>

	<changeSet author="flowinquiry"
		id="000:07-insert-default-fw-project-data" runOnChange="true">
		<loadData
			file="config/liquibase/tenant/data/test/fw_project_test.csv"
			tableName="fw_project" separator=";">
			<column name="id" type="NUMERIC" />
			<column name="created_by" type="NUMERIC" />
			<column name="created_at" type="TIMESTAMP" />
			<column name="modified_by" type="NUMERIC" />
			<column name="modified_at" type="TIMESTAMP" />
			<column name="name" type="STRING" />
			<column name="description" type="STRING" />
			<column name="short_name" type="STRING" />
			<column name="team_id" type="NUMERIC" />
			<column name="status" type="STRING" />
			<column name="start_date" type="TIMESTAMP" />
			<column name="end_date" type="TIMESTAMP" />
		</loadData>
		<sql>SELECT setval('fw_project_id_seq', (SELECT MAX(id) FROM
			fw_project));</sql>
	</changeSet>

	<changeSet author="flowinquiry"
		id="000:08-insert-default-fw-user-team-data" runOnChange="true">
		<loadData
			file="config/liquibase/tenant/data/test/fw_user_team_test.csv"
			tableName="fw_user_team" separator=";">
			<column name="user_id" type="NUMERIC" />
			<column name="team_id" type="NUMERIC" />
			<column name="role_name" type="STRING" />
		</loadData>
	</changeSet>

	<changeSet author="flowinquiry"
		id="000:11-insert-default-fw-app-setting" runOnChange="true">
		<loadData
			file="config/liquibase/tenant/data/test/fw_app_settings_test.csv"
			separator=";" tableName="fw_app_settings"
			usePreparedStatements="true">
			<column name="setting_key" type="STRING" />
			<column name="setting_value" type="STRING" />
			<column name="setting_type" type="STRING" />
			<column name="setting_group" type="STRING" />
			<column name="description" type="STRING" />
			<column name="updated_at" type="TIMESTAMP" />
		</loadData>
	</changeSet>
	<changeSet author="flowinquiry"
		id="001:01-insert-workflow-data" runOnChange="true">
		<loadData
			file="config/liquibase/tenant/data/test/fw_workflow_test.csv"
			separator=";" tableName="fw_workflow" usePreparedStatements="true">
			<column name="id" type="numeric" />
			<column name="name" type="string" />
			<column name="description" type="string" />
			<column name="owner_id" type="numeric" />
		</loadData>
		<sql>SELECT setval('fw_workflow_id_seq', (SELECT MAX(id) FROM
			fw_workflow));</sql>
		<loadData
			file="config/liquibase/tenant/data/test/fw_workflow_state_test.csv"
			separator=";" tableName="fw_workflow_state"
			usePreparedStatements="true">
			<column name="id" type="numeric" />
			<column name="workflow_id" type="numeric" />
			<column name="state_name" type="string" />
			<column name="is_initial" type="boolean" />
			<column name="is_final" type="boolean" />
		</loadData>
		<sql>SELECT setval('fw_workflow_state_id_seq', (SELECT MAX(id) FROM
			fw_workflow_state));</sql>
		<loadData
			file="config/liquibase/tenant/data/test/fw_workflow_transition_test.csv"
			separator=";" tableName="fw_workflow_transition"
			usePreparedStatements="true">
			<column name="id" type="numeric" />
			<column name="workflow_id" type="numeric" />
			<column name="source_state_id" type="numeric" />
			<column name="target_state_id" type="numeric" />
			<column name="event_name" type="string" />
			<column name="sla_duration" type="numeric" />
			<column name="escalate_on_violation" type="boolean" />
		</loadData>
		<sql>SELECT setval('fw_workflow_transition_id_seq', (SELECT MAX(id)
			FROM fw_workflow_transition));</sql>
	</changeSet>


	<changeSet author="flowinquiry"
		id="001:02-insert-team-workflow-usage-data" runOnChange="true">
		<loadData
			file="config/liquibase/tenant/data/test/fw_team_workflow_selection_test.csv"
			separator=";" tableName="fw_team_workflow_selection"
			usePreparedStatements="true">
			<column name="id" type="numeric" />
			<column name="workflow_id" type="numeric" />
			<column name="team_id" type="numeric" />
		</loadData>
		<sql>SELECT setval('fw_team_workflow_selection_id_seq', (SELECT
			MAX(id) FROM fw_team_workflow_selection));</sql>
	</changeSet>
	<changeSet author="flowinquiry"
		id="001:03-insert-fw_ticket-data" runOnChange="true">
		<loadData
			file="config/liquibase/tenant/data/test/fw_ticket_test.csv"
			separator=";" tableName="fw_ticket">
			<column name="id" type="numeric" />
			<column name="team_id" type="numeric" />
			<column name="workflow_id" type="numeric" />
			<column name="request_user_id" type="numeric" />
			<column name="assign_user_id" type="numeric" />
			<column name="request_title" type="string" />
			<column name="request_description" type="string" />
			<column name="channel" type="string" />
			<column name="priority" type="numeric" />
			<column name="is_deleted" type="boolean" />
			<column name="is_recurring" type="boolean" />
			<column name="estimated_completion_date" type="date" />
			<column name="actual_completion_date" type="date" />
			<column name="is_new" type="boolean" />
			<column name="current_state_id" type="numeric" />
			<column name="is_completed" type="boolean" />
			<column name="created_by" type="numeric" />
			<column name="created_at" type="timestamp" />
			<column name="modified_by" type="numeric" />
			<column name="modified_at" type="timestamp" />
			<column name="size" type="string" />
			<column name="estimate" type="number" />
		</loadData>
		<sql>SELECT setval('fw_ticket_id_seq', (SELECT MAX(id) FROM
			fw_ticket));</sql>
	</changeSet>
	<changeSet author="flowinquiry"
		id="001:04-insert-fw_ticket_conversation_health-data"
		runOnChange="true">
		<loadData
			file="config/liquibase/tenant/data/test/fw_ticket_conversation_health_test.csv"
			separator=";" tableName="fw_ticket_conversation_health">
			<column name="id" type="numeric" />
			<column name="ticket_id" type="numeric" />
			<column name="summary" type="string" />
			<column name="conversation_health" type="float" />
			<column name="cumulative_sentiment" type="float" />
			<column name="total_messages" type="integer" />
			<column name="total_questions" type="integer" />
			<column name="resolved_questions" type="integer" />
		</loadData>
		<sql>SELECT setval('fw_ticket_conversation_health_id_seq',
			(SELECT
			MAX(id) FROM fw_ticket_conversation_health));</sql>
	</changeSet>
	<changeSet author="flowinquiry"
		id="001:05-insert-fw_entity_watchers-test" runOnChange="true">
		<loadData
			file="config/liquibase/tenant/data/test/fw_entity_watchers_test.csv"
			separator=";" tableName="fw_entity_watchers">
			<column name="id" type="numeric" />
			<column name="entity_type" type="string" />
			<column name="entity_id" type="numeric" />
			<column name="watch_user_id" type="numeric" />
			<column name="created_at" type="timestamp" />
			<column name="created_by" type="numeric" />
		</loadData>
		<sql>SELECT setval('fw_entity_watchers_id_seq', (SELECT MAX(id)
			FROM
			fw_entity_watchers));</sql>
	</changeSet>
	<changeSet author="flowinquiry"
		id="001:06-insert-fw_workflow_actions-test" runOnChange="true">
		<loadData
			file="config/liquibase/tenant/data/test/fw_workflow_actions_test.csv"
			separator=";" tableName="fw_workflow_actions">
			<column name="id" type="numeric" />
			<column name="transition_id" type="numeric" />
			<column name="action_type" type="string" />
			<column name="action_data" type="json" />
		</loadData>
		<sql>SELECT setval('fw_workflow_actions_id_seq', (SELECT MAX(id) FROM
			fw_workflow_actions));</sql>
	</changeSet>
	<changeSet author="flowinquiry"
		id="001:07-insert-fw_workflow_transition_history-test"
		runOnChange="true">
		<loadData
			file="config/liquibase/tenant/data/test/fw_workflow_transition_history_test.csv"
			separator=";" tableName="fw_workflow_transition_history">
			<column name="id" type="numeric" />
			<column name="ticket_id" type="numeric" />
			<column name="from_state_id" type="numeric" />
			<column name="to_state_id" type="numeric" />
			<column name="event_name" type="string" />
			<column name="transition_date" type="timestamp" />
			<column name="sla_due_date" type="timestamp" />
			<column name="status" type="string" />
		</loadData>
		<sql>SELECT setval('fw_workflow_transition_history_id_seq', (SELECT
			MAX(id) FROM fw_workflow_transition_history));</sql>
	</changeSet>
	<changeSet author="flowinquiry"
		id="001:08-insert-fw_escalation_tracking-test" runOnChange="true">
		<loadData
			file="config/liquibase/tenant/data/test/fw_escalation_tracking_test.csv"
			separator=";" tableName="fw_escalation_tracking">
			<column name="id" type="numeric" />
			<column name="ticket_id" type="numeric" />
			<column name="escalation_level" type="integer" />
			<column name="escalated_to_user_id" type="numeric" />
			<column name="escalation_time" type="timestamp" />
		</loadData>
		<sql>SELECT setval('fw_escalation_tracking_id_seq', (SELECT MAX(id)
			FROM fw_escalation_tracking));</sql>
	</changeSet>
	<changeSet author="flowinquiry"
		id="001:09-insert-fw_entity_attachment-test" runOnChange="true">
		<loadData
			file="config/liquibase/tenant/data/test/fw_entity_attachment_test.csv"
			separator=";" tableName="fw_entity_attachment">
			<column name="id" type="numeric" />
			<column name="entity_type" type="string" />
			<column name="entity_id" type="numeric" />
			<column name="file_name" type="string" />
			<column name="file_type" type="string" />
			<column name="file_size" type="numeric" />
			<column name="file_url" type="string" />
			<column name="uploaded_at" type="timestamp" />
		</loadData>
		<sql>SELECT setval('fw_entity_attachment_id_seq', (SELECT MAX(id) FROM
			fw_entity_attachment));</sql>
	</changeSet>
	<changeSet author="flowinquiry"
		id="001:10-insert-fw_comment-test" runOnChange="true">
		<loadData
			file="config/liquibase/tenant/data/test/fw_comment_test.csv"
			separator=";" tableName="fw_comment">
			<column name="id" type="numeric" />
			<column name="content" type="string" />
			<column name="entity_type" type="string" />
			<column name="entity_id" type="numeric" />
			<column name="created_by" type="numeric" />
			<column name="created_at" type="timestamp" />
			<column name="modified_by" type="numeric" />
			<column name="modified_at" type="timestamp" />
		</loadData>
		<sql>SELECT setval('fw_comment_id_seq', (SELECT MAX(id) FROM
			fw_comment));</sql>
	</changeSet>
	<changeSet author="flowinquiry"
		id="001:11-insert-fw_notification-test" runOnChange="true">
		<loadData
			file="config/liquibase/tenant/data/test/fw_notification_test.csv"
			separator=";" tableName="fw_notification">
			<column name="id" type="numeric" />
			<column name="content" type="string" />
			<column name="user_id" type="numeric" />
			<column name="is_read" type="boolean" />
			<column name="created_by" type="numeric" />
			<column name="created_at" type="timestamp" />
			<column name="modified_by" type="numeric" />
			<column name="modified_at" type="timestamp" />
		</loadData>
		<sql>SELECT setval('fw_notification_id_seq', (SELECT MAX(id) FROM
			fw_notification));</sql>
	</changeSet>
	<changeSet author="flowinquiry"
		id="001:12-insert-fw_activity_log-test" runOnChange="true">
		<loadData
			file="config/liquibase/tenant/data/test/fw_activity_log_test.csv"
			separator=";" tableName="fw_activity_log">
			<column name="id" type="numeric" />
			<column name="entity_type" type="string" />
			<column name="entity_id" type="numeric" />
			<column name="content" type="string" />
			<column name="created_at" type="timestamp" />
			<column name="updated_at" type="timestamp" />
			<column name="created_by" type="numeric" />
		</loadData>
		<sql>SELECT setval('fw_activity_log_id_seq', (SELECT MAX(id) FROM
			fw_activity_log));</sql>
	</changeSet>
</databaseChangeLog>